npm verbose cli /Users/abnernunesnetto/.nvm/versions/node/v22.3.0/bin/node /Users/abnernunesnetto/.nvm/versions/node/v22.3.0/bin/npm
npm info using npm@10.8.1
npm info using node@v22.3.0
npm verbose title npm install
npm verbose argv "install" "--legacy-peer-deps" "--loglevel" "verbose"
npm verbose logfile logs-max:10 dir:/Users/abnernunesnetto/.npm/_logs/2024-07-31T21_58_55_696Z-
npm verbose logfile /Users/abnernunesnetto/.npm/_logs/2024-07-31T21_58_55_696Z-debug-0.log
npm http fetch GET 200 https://registry.npmjs.org/@faker-js%2ffaker 365ms (cache revalidated)
npm http fetch GET 200 https://registry.npmjs.org/cypress-mochawesome-reporter 675ms (cache revalidated)
npm http fetch GET 200 https://registry.npmjs.org/browserstack-cypress-cli 87ms (cache revalidated)
npm http fetch GET 200 https://registry.npmjs.org/cypress 777ms (cache updated)
npm http fetch GET 200 https://registry.npmjs.org/chalk 76ms (cache revalidated)
npm http fetch GET 200 https://registry.npmjs.org/archiver 352ms (cache revalidated)
npm http fetch GET 200 https://registry.npmjs.org/fs-extra 359ms (cache revalidated)
npm http fetch GET 200 https://registry.npmjs.org/cli-progress 371ms (cache revalidated)
npm http fetch GET 200 https://registry.npmjs.org/async 374ms (cache revalidated)
npm http fetch GET 200 https://registry.npmjs.org/glob 79ms (cache revalidated)
npm http fetch GET 200 https://registry.npmjs.org/gitconfiglocal 96ms (cache revalidated)
npm http fetch GET 200 https://registry.npmjs.org/mocha 88ms (cache revalidated)
npm http fetch GET 200 https://registry.npmjs.org/request 87ms (cache revalidated)
npm http fetch GET 200 https://registry.npmjs.org/node-ipc 118ms (cache revalidated)
npm http fetch GET 200 https://registry.npmjs.org/mkdirp 124ms (cache revalidated)
npm http fetch GET 200 https://registry.npmjs.org/update-notifier 77ms (cache revalidated)
npm http fetch GET 200 https://registry.npmjs.org/table 82ms (cache revalidated)
npm http fetch GET 200 https://registry.npmjs.org/requestretry 89ms (cache revalidated)
npm http fetch GET 200 https://registry.npmjs.org/winston 73ms (cache revalidated)
npm http fetch GET 200 https://registry.npmjs.org/uuid 86ms (cache revalidated)
npm http fetch GET 200 https://registry.npmjs.org/windows-release 87ms (cache revalidated)
npm http fetch GET 200 https://registry.npmjs.org/git-last-commit 683ms (cache revalidated)
npm http fetch GET 200 https://registry.npmjs.org/arch 103ms (cache revalidated)
npm http fetch GET 200 https://registry.npmjs.org/decompress 116ms (cache revalidated)
npm http fetch GET 200 https://registry.npmjs.org/tmp 116ms (cache revalidated)
npm http fetch GET 200 https://registry.npmjs.org/yargs 127ms (cache revalidated)
npm http fetch GET 200 https://registry.npmjs.org/getmac 901ms (cache revalidated)
npm http fetch GET 200 https://registry.npmjs.org/browserstack-local 916ms (cache revalidated)
npm http fetch GET 200 https://registry.npmjs.org/debug 88ms (cache revalidated)
npm http fetch GET 200 https://registry.npmjs.org/dayjs 95ms (cache revalidated)
npm http fetch GET 200 https://registry.npmjs.org/execa 100ms (cache revalidated)
npm http fetch GET 200 https://registry.npmjs.org/yauzl 83ms (cache revalidated)
npm http fetch GET 200 https://registry.npmjs.org/is-ci 100ms (cache revalidated)
npm http fetch GET 200 https://registry.npmjs.org/git-repo-info 661ms (cache revalidated)
npm http fetch GET 200 https://registry.npmjs.org/buffer 73ms (cache revalidated)
npm http fetch GET 200 https://registry.npmjs.org/listr2 72ms (cache revalidated)
npm http fetch GET 200 https://registry.npmjs.org/lodash 91ms (cache revalidated)
npm http fetch GET 200 https://registry.npmjs.org/ospath 68ms (cache revalidated)
npm http fetch GET 200 https://registry.npmjs.org/figures 89ms (cache revalidated)
npm http fetch GET 200 https://registry.npmjs.org/semver 94ms (cache updated)
npm http fetch GET 200 https://registry.npmjs.org/bluebird 72ms (cache revalidated)
npm http fetch GET 200 https://registry.npmjs.org/process 85ms (cache revalidated)
npm http fetch GET 200 https://registry.npmjs.org/cachedir 76ms (cache revalidated)
npm http fetch GET 200 https://registry.npmjs.org/enquirer 74ms (cache revalidated)
npm http fetch GET 200 https://registry.npmjs.org/minimist 74ms (cache revalidated)
npm http fetch GET 200 https://registry.npmjs.org/lazy-ass 84ms (cache revalidated)
npm http fetch GET 200 https://registry.npmjs.org/commander 77ms (cache revalidated)
npm http fetch GET 200 https://registry.npmjs.org/blob-util 87ms (cache revalidated)
npm http fetch GET 200 https://registry.npmjs.org/cli-cursor 72ms (cache revalidated)
npm http fetch GET 200 https://registry.npmjs.org/untildify 82ms (cache revalidated)
npm http fetch GET 200 https://registry.npmjs.org/executable 63ms (cache revalidated)
npm http fetch GET 200 https://registry.npmjs.org/common-tags 68ms (cache revalidated)
npm http fetch GET 200 https://registry.npmjs.org/extract-zip 79ms (cache revalidated)
npm http fetch GET 200 https://registry.npmjs.org/pretty-bytes 65ms (cache revalidated)
npm http fetch GET 200 https://registry.npmjs.org/log-symbols 77ms (cache revalidated)
npm http fetch GET 200 https://registry.npmjs.org/eventemitter2 58ms (cache revalidated)
npm http fetch GET 200 https://registry.npmjs.org/@types%2fsizzle 84ms (cache revalidated)
npm http fetch GET 200 https://registry.npmjs.org/proxy-from-env 70ms (cache revalidated)
npm http fetch GET 200 https://registry.npmjs.org/supports-color 81ms (cache revalidated)
npm http fetch GET 200 https://registry.npmjs.org/@cypress%2fxvfb 132ms (cache revalidated)
npm http fetch GET 200 https://registry.npmjs.org/check-more-types 99ms (cache revalidated)
npm http fetch GET 200 https://registry.npmjs.org/request-progress 101ms (cache revalidated)
npm http fetch GET 200 https://registry.npmjs.org/@cypress%2frequest 118ms (cache revalidated)
npm http fetch GET 200 https://registry.npmjs.org/is-installed-globally 86ms (cache revalidated)
npm http fetch GET 200 https://registry.npmjs.org/@types%2fsinonjs__fake-timers 102ms (cache revalidated)
npm http fetch GET 200 https://registry.npmjs.org/getos 678ms (cache revalidated)
npm http fetch GET 200 https://registry.npmjs.org/mochawesome-merge 280ms (cache revalidated)
npm http fetch GET 200 https://registry.npmjs.org/mochawesome-report-generator 284ms (cache revalidated)
npm http fetch GET 200 https://registry.npmjs.org/cli-table3 673ms (cache revalidated)
npm http fetch GET 200 https://registry.npmjs.org/mochawesome 839ms (cache revalidated)
npm http fetch GET 200 https://registry.npmjs.org/tar-stream 86ms (cache revalidated)
npm http fetch GET 200 https://registry.npmjs.org/archiver-utils 89ms (cache revalidated)
npm http fetch GET 200 https://registry.npmjs.org/readable-stream 90ms (cache revalidated)
npm http fetch GET 200 https://registry.npmjs.org/buffer-crc32 96ms (cache revalidated)
npm http fetch GET 200 https://registry.npmjs.org/https-proxy-agent 98ms (cache revalidated)
npm http fetch GET 200 https://registry.npmjs.org/zip-stream 100ms (cache revalidated)
npm http fetch GET 200 https://registry.npmjs.org/readdir-glob 116ms (cache revalidated)
npm http fetch GET 200 https://registry.npmjs.org/ansi-styles 77ms (cache revalidated)
npm http fetch GET 200 https://registry.npmjs.org/string-width 80ms (cache revalidated)
npm http fetch GET 200 https://registry.npmjs.org/agent-base 89ms (cache revalidated)
npm http fetch GET 200 https://registry.npmjs.org/ps-tree 98ms (cache revalidated)
npm http fetch GET 200 https://registry.npmjs.org/decompress-tar 78ms (cache revalidated)
npm http fetch GET 200 https://registry.npmjs.org/decompress-tarbz2 107ms (cache revalidated)
npm http fetch GET 200 https://registry.npmjs.org/decompress-targz 106ms (cache revalidated)
npm http fetch GET 200 https://registry.npmjs.org/make-dir 95ms (cache revalidated)
npm http fetch GET 200 https://registry.npmjs.org/graceful-fs 103ms (cache revalidated)
npm http fetch GET 200 https://registry.npmjs.org/graceful-fs 6ms (cache hit)
npm http fetch GET 200 https://registry.npmjs.org/pify 90ms (cache revalidated)
npm http fetch GET 200 https://registry.npmjs.org/strip-dirs 91ms (cache revalidated)
npm http fetch GET 200 https://registry.npmjs.org/jsonfile 89ms (cache revalidated)
npm http fetch GET 200 https://registry.npmjs.org/universalify 88ms (cache revalidated)
npm http fetch GET 200 https://registry.npmjs.org/temp-fs 294ms (cache revalidated)
npm http fetch GET 200 https://registry.npmjs.org/once 74ms (cache revalidated)
npm http fetch GET 200 https://registry.npmjs.org/inherits 72ms (cache revalidated)
npm http fetch GET 200 https://registry.npmjs.org/inflight 85ms (cache revalidated)
npm http fetch GET 200 https://registry.npmjs.org/ini 92ms (cache updated)
npm http fetch GET 200 https://registry.npmjs.org/fs.realpath 73ms (cache revalidated)
npm http fetch GET 200 https://registry.npmjs.org/minimatch 84ms (cache revalidated)
npm http fetch GET 200 https://registry.npmjs.org/path-is-absolute 88ms (cache revalidated)
npm http fetch GET 200 https://registry.npmjs.org/ansi-colors 87ms (cache revalidated)
npm http fetch GET 200 https://registry.npmjs.org/chokidar 119ms (cache revalidated)
npm http fetch GET 200 https://registry.npmjs.org/diff 119ms (cache revalidated)
npm http fetch GET 200 https://registry.npmjs.org/escape-string-regexp 124ms (cache revalidated)
npm http fetch GET 200 https://registry.npmjs.org/he 111ms (cache revalidated)
npm http fetch GET 200 https://registry.npmjs.org/find-up 131ms (cache revalidated)
npm http fetch GET 200 https://registry.npmjs.org/js-yaml 111ms (cache revalidated)
npm http fetch GET 200 https://registry.npmjs.org/@types%2fnode 421ms (cache updated)
npm http fetch GET 200 https://registry.npmjs.org/decompress-unzip 683ms (cache revalidated)
npm http fetch GET 200 https://registry.npmjs.org/yargs 2ms (cache hit)
npm http fetch GET 200 https://registry.npmjs.org/is-running 789ms (cache revalidated)
npm http fetch GET 200 https://registry.npmjs.org/serialize-javascript 146ms (cache revalidated)
npm http fetch GET 200 https://registry.npmjs.org/ms 155ms (cache revalidated)
npm http fetch GET 200 https://registry.npmjs.org/strip-json-comments 152ms (cache revalidated)
npm http fetch GET 200 https://registry.npmjs.org/yargs-unparser 82ms (cache revalidated)
npm http fetch GET 200 https://registry.npmjs.org/workerpool 128ms (cache revalidated)
npm http fetch GET 200 https://registry.npmjs.org/yargs-parser 100ms (cache revalidated)
npm http fetch GET 200 https://registry.npmjs.org/js-message 70ms (cache revalidated)
npm http fetch GET 200 https://registry.npmjs.org/caseless 92ms (cache revalidated)
npm http fetch GET 200 https://registry.npmjs.org/aws4 96ms (cache revalidated)
npm http fetch GET 200 https://registry.npmjs.org/aws-sign2 142ms (cache revalidated)
npm http fetch GET 200 https://registry.npmjs.org/combined-stream 83ms (cache revalidated)
npm http fetch GET 200 https://registry.npmjs.org/extend 79ms (cache revalidated)
npm http fetch GET 200 https://registry.npmjs.org/forever-agent 86ms (cache revalidated)
npm http fetch GET 200 https://registry.npmjs.org/browser-stdout 658ms (cache revalidated)
npm http fetch GET 200 https://registry.npmjs.org/form-data 90ms (cache revalidated)
npm http fetch GET 200 https://registry.npmjs.org/har-validator 100ms (cache revalidated)
npm http fetch GET 200 https://registry.npmjs.org/http-signature 67ms (cache revalidated)
npm http fetch GET 200 https://registry.npmjs.org/is-typedarray 76ms (cache revalidated)
npm http fetch GET 200 https://registry.npmjs.org/mime-types 68ms (cache revalidated)
npm http fetch GET 200 https://registry.npmjs.org/isstream 87ms (cache revalidated)
npm http fetch GET 200 https://registry.npmjs.org/json-stringify-safe 87ms (cache revalidated)
npm http fetch GET 200 https://registry.npmjs.org/oauth-sign 72ms (cache revalidated)
npm http fetch GET 200 https://registry.npmjs.org/performance-now 88ms (cache revalidated)
npm http fetch GET 200 https://registry.npmjs.org/tunnel-agent 78ms (cache revalidated)
npm http fetch GET 200 https://registry.npmjs.org/tough-cookie 89ms (cache revalidated)
npm http fetch GET 200 https://registry.npmjs.org/safe-buffer 95ms (cache revalidated)
npm http fetch GET 200 https://registry.npmjs.org/qs 104ms (cache revalidated)
npm http fetch GET 200 https://registry.npmjs.org/ajv 77ms (cache revalidated)
npm http fetch GET 200 https://registry.npmjs.org/semver 2ms (cache hit)
npm http fetch GET 200 https://registry.npmjs.org/boxen 78ms (cache revalidated)
npm http fetch GET 200 https://registry.npmjs.org/is-npm 71ms (cache revalidated)
npm http fetch GET 200 https://registry.npmjs.org/pupa 84ms (cache revalidated)
npm http fetch GET 200 https://registry.npmjs.org/slice-ansi 97ms (cache revalidated)
npm http fetch GET 200 https://registry.npmjs.org/is-in-ci 95ms (cache revalidated)
npm http fetch GET 200 https://registry.npmjs.org/import-lazy 75ms (cache revalidated)
npm http fetch GET 200 https://registry.npmjs.org/configstore 82ms (cache revalidated)
npm http fetch GET 200 https://registry.npmjs.org/xdg-basedir 76ms (cache revalidated)
npm http fetch GET 200 https://registry.npmjs.org/semver-diff 101ms (cache revalidated)
npm http fetch GET 200 https://registry.npmjs.org/latest-version 70ms (cache revalidated)
npm http fetch GET 200 https://registry.npmjs.org/js-queue 651ms (cache revalidated)
npm http fetch GET 200 https://registry.npmjs.org/event-pubsub 676ms (cache revalidated)
npm http fetch GET 200 https://registry.npmjs.org/cycle 113ms (cache revalidated)
npm http fetch GET 200 https://registry.npmjs.org/colors 109ms (cache revalidated)
npm http fetch GET 200 https://registry.npmjs.org/y18n 75ms (cache revalidated)
npm http fetch GET 200 https://registry.npmjs.org/cliui 77ms (cache revalidated)
npm http fetch GET 200 https://registry.npmjs.org/decamelize 108ms (cache revalidated)
npm http fetch GET 200 https://registry.npmjs.org/get-caller-file 70ms (cache revalidated)
npm http fetch GET 200 https://registry.npmjs.org/set-blocking 86ms (cache revalidated)
npm http fetch GET 200 https://registry.npmjs.org/require-directory 68ms (cache revalidated)
npm http fetch GET 200 https://registry.npmjs.org/which-module 99ms (cache revalidated)
npm http fetch GET 200 https://registry.npmjs.org/require-main-filename 136ms (cache revalidated)
npm http fetch GET 200 https://registry.npmjs.org/eyes 718ms (cache revalidated)
npm http fetch GET 200 https://registry.npmjs.org/stack-trace 697ms (cache revalidated)
npm http fetch GET 200 https://registry.npmjs.org/lodash.union 96ms (cache revalidated)
npm http fetch GET 200 https://registry.npmjs.org/lodash.difference 100ms (cache revalidated)
npm http fetch GET 200 https://registry.npmjs.org/lodash.isplainobject 100ms (cache revalidated)
npm http fetch GET 200 https://registry.npmjs.org/lodash.defaults 103ms (cache revalidated)
npm http fetch GET 200 https://registry.npmjs.org/lazystream 104ms (cache revalidated)
npm http fetch GET 200 https://registry.npmjs.org/lodash.flatten 104ms (cache revalidated)
npm http fetch GET 200 https://registry.npmjs.org/normalize-path 117ms (cache revalidated)
npm http fetch GET 200 https://registry.npmjs.org/util-deprecate 79ms (cache revalidated)
npm http fetch GET 200 https://registry.npmjs.org/string_decoder 81ms (cache revalidated)
npm http fetch GET 200 https://registry.npmjs.org/bl 80ms (cache revalidated)
npm http fetch GET 200 https://registry.npmjs.org/end-of-stream 88ms (cache revalidated)
npm http fetch GET 200 https://registry.npmjs.org/fs-constants 88ms (cache revalidated)
npm http fetch GET 200 https://registry.npmjs.org/compress-commons 88ms (cache revalidated)
npm http fetch GET 200 https://registry.npmjs.org/core-util-is 81ms (cache revalidated)
npm http fetch GET 200 https://registry.npmjs.org/isarray 86ms (cache revalidated)
npm http fetch GET 200 https://registry.npmjs.org/process-nextick-args 90ms (cache revalidated)
npm http fetch GET 200 https://registry.npmjs.org/event-stream 101ms (cache revalidated)
npm http fetch GET 200 https://registry.npmjs.org/rimraf 104ms (cache updated)
npm http fetch GET 200 https://registry.npmjs.org/color-convert 72ms (cache revalidated)
npm http fetch GET 200 https://registry.npmjs.org/has-flag 76ms (cache revalidated)
npm http fetch GET 200 https://registry.npmjs.org/color-name 90ms (cache revalidated)
npm http fetch GET 200 https://registry.npmjs.org/strip-ansi 80ms (cache revalidated)
npm http fetch GET 200 https://registry.npmjs.org/is-fullwidth-code-point 86ms (cache revalidated)
npm http fetch GET 200 https://registry.npmjs.org/emoji-regex 121ms (cache revalidated)
npm http fetch GET 200 https://registry.npmjs.org/ieee754 78ms (cache revalidated)
npm http fetch GET 200 https://registry.npmjs.org/onetime 87ms (cache revalidated)
npm http fetch GET 200 https://registry.npmjs.org/is-stream 88ms (cache revalidated)
npm http fetch GET 200 https://registry.npmjs.org/restore-cursor 92ms (cache revalidated)
npm http fetch GET 200 https://registry.npmjs.org/base64-js 97ms (cache revalidated)
npm http fetch GET 200 https://registry.npmjs.org/lodash.once 107ms (cache revalidated)
npm http fetch GET 200 https://registry.npmjs.org/@colors%2fcolors 183ms (cache revalidated)
npm http fetch GET 200 https://registry.npmjs.org/get-stream 105ms (cache revalidated)
npm http fetch GET 200 https://registry.npmjs.org/npm-run-path 88ms (cache revalidated)
npm http fetch GET 200 https://registry.npmjs.org/cross-spawn 99ms (cache revalidated)
npm http fetch GET 200 https://registry.npmjs.org/signal-exit 100ms (cache revalidated)
npm http fetch GET 200 https://registry.npmjs.org/merge-stream 98ms (cache revalidated)
npm http fetch GET 200 https://registry.npmjs.org/human-signals 87ms (cache revalidated)
npm http fetch GET 200 https://registry.npmjs.org/at-least-node 90ms (cache revalidated)
npm http fetch GET 200 https://registry.npmjs.org/strip-final-newline 98ms (cache revalidated)
npm http fetch GET 200 https://registry.npmjs.org/@types%2fyauzl 100ms (cache revalidated)
npm http fetch GET 200 https://registry.npmjs.org/is-path-inside 98ms (cache revalidated)
npm http fetch GET 200 https://registry.npmjs.org/global-dirs 103ms (cache revalidated)
npm http fetch GET 200 https://registry.npmjs.org/ci-info 105ms (cache revalidated)
npm http fetch GET 200 https://registry.npmjs.org/rfdc 108ms (cache revalidated)
npm http fetch GET 200 https://registry.npmjs.org/through 72ms (cache revalidated)
npm http fetch GET 200 https://registry.npmjs.org/rxjs 85ms (cache revalidated)
npm http fetch GET 200 https://registry.npmjs.org/colorette 94ms (cache revalidated)
npm http fetch GET 200 https://registry.npmjs.org/log-update 90ms (cache revalidated)
npm http fetch GET 200 https://registry.npmjs.org/cli-truncate 84ms (cache revalidated)
npm http fetch GET 200 https://registry.npmjs.org/wrap-ansi 93ms (cache revalidated)
npm http fetch GET 200 https://registry.npmjs.org/p-map 106ms (cache revalidated)
npm http fetch GET 200 https://registry.npmjs.org/is-unicode-supported 98ms (cache revalidated)
npm http fetch GET 200 https://registry.npmjs.org/throttleit 86ms (cache revalidated)
npm http fetch GET 200 https://registry.npmjs.org/fd-slicer 87ms (cache revalidated)
npm http fetch GET 200 https://registry.npmjs.org/delayed-stream 81ms (cache revalidated)
npm http fetch GET 200 https://registry.npmjs.org/jsprim 104ms (cache revalidated)
npm http fetch GET 200 https://registry.npmjs.org/side-channel 106ms (cache revalidated)
npm http fetch GET 200 https://registry.npmjs.org/sshpk 108ms (cache revalidated)
npm http fetch GET 200 https://registry.npmjs.org/mime-db 111ms (cache revalidated)
npm http fetch GET 200 https://registry.npmjs.org/assert-plus 115ms (cache revalidated)
npm http fetch GET 200 https://registry.npmjs.org/psl 68ms (cache revalidated)
npm http fetch GET 200 https://registry.npmjs.org/punycode 83ms (cache revalidated)
npm http fetch GET 200 https://registry.npmjs.org/url-parse 113ms (cache revalidated)
npm http fetch GET 200 https://registry.npmjs.org/asynckit 700ms (cache revalidated)
npm http fetch GET 200 https://registry.npmjs.org/yargs 12ms (cache hit)
npm http fetch GET 200 https://registry.npmjs.org/dateformat 77ms (cache revalidated)
npm http fetch GET 200 https://registry.npmjs.org/lodash.isempty 87ms (cache revalidated)
npm http fetch GET 200 https://registry.npmjs.org/lodash.isobject 87ms (cache revalidated)
npm http fetch GET 200 https://registry.npmjs.org/lodash.isfunction 89ms (cache revalidated)
npm http fetch GET 200 https://registry.npmjs.org/escape-html 87ms (cache revalidated)
npm http fetch GET 200 https://registry.npmjs.org/lodash.isfunction 72ms (cache revalidated)
npm http fetch GET 200 https://registry.npmjs.org/opener 72ms (cache revalidated)
npm http fetch GET 200 https://registry.npmjs.org/tcomb 74ms (cache revalidated)
npm http fetch GET 200 https://registry.npmjs.org/yargs 8ms (cache hit)
npm http fetch GET 200 https://registry.npmjs.org/prop-types 92ms (cache revalidated)
npm http fetch GET 200 https://registry.npmjs.org/validator 95ms (cache revalidated)
npm http fetch GET 200 https://registry.npmjs.org/fsu 302ms (cache revalidated)
npm http fetch GET 200 https://registry.npmjs.org/lodash.isstring 722ms (cache revalidated)
npm http fetch GET 200 https://registry.npmjs.org/tcomb-validation 694ms (cache revalidated)
npm http fetch GET 200 https://registry.npmjs.org/seek-bzip 91ms (cache revalidated)
npm http fetch GET 200 https://registry.npmjs.org/file-type 96ms (cache revalidated)
npm http fetch GET 200 https://registry.npmjs.org/file-type 104ms (cache revalidated)
npm http fetch GET 200 https://registry.npmjs.org/file-type 113ms (cache revalidated)
npm http fetch GET 200 https://registry.npmjs.org/unbzip2-stream 122ms (cache revalidated)
npm http fetch GET 200 https://registry.npmjs.org/is-natural-number 120ms (cache revalidated)
npm http fetch GET 200 https://registry.npmjs.org/file-type 126ms (cache revalidated)
npm http fetch GET 200 https://registry.npmjs.org/to-buffer 72ms (cache revalidated)
npm http fetch GET 200 https://registry.npmjs.org/buffer-alloc 81ms (cache revalidated)
npm http fetch GET 200 https://registry.npmjs.org/xtend 87ms (cache revalidated)
npm http fetch GET 200 https://registry.npmjs.org/pinkie-promise 73ms (cache revalidated)
npm http fetch GET 200 https://registry.npmjs.org/object-assign 79ms (cache revalidated)
npm http fetch GET 200 https://registry.npmjs.org/ansi-regex 78ms (cache revalidated)
npm http fetch GET 200 https://registry.npmjs.org/pump 109ms (cache revalidated)
npm http fetch GET 200 https://registry.npmjs.org/path-key 111ms (cache revalidated)
npm http fetch GET 200 https://registry.npmjs.org/shebang-command 112ms (cache revalidated)
npm http fetch GET 200 https://registry.npmjs.org/path-key 112ms (cache revalidated)
npm http fetch GET 200 https://registry.npmjs.org/mimic-fn 115ms (cache revalidated)
npm http fetch GET 200 https://registry.npmjs.org/which 728ms (cache updated)
npm http fetch GET 200 https://registry.npmjs.org/shebang-regex 81ms (cache revalidated)
npm http fetch GET 200 https://registry.npmjs.org/isexe 699ms (cache revalidated)
npm http fetch GET 200 https://registry.npmjs.org/@types%2fnode 21ms (cache hit)
npm http fetch GET 200 https://registry.npmjs.org/undici-types 90ms (cache updated)
npm http fetch GET 200 https://registry.npmjs.org/pinkie 77ms (cache revalidated)
npm http fetch GET 200 https://registry.npmjs.org/brace-expansion 77ms (cache revalidated)
npm http fetch GET 200 https://registry.npmjs.org/wrappy 79ms (cache revalidated)
npm http fetch GET 200 https://registry.npmjs.org/wrappy 93ms (cache revalidated)
npm http fetch GET 200 https://registry.npmjs.org/safer-buffer 95ms (cache revalidated)
npm http fetch GET 200 https://registry.npmjs.org/dashdash 97ms (cache revalidated)
npm http fetch GET 200 https://registry.npmjs.org/asn1 100ms (cache revalidated)
npm http fetch GET 200 https://registry.npmjs.org/verror 102ms (cache revalidated)
npm http fetch GET 200 https://registry.npmjs.org/extsprintf 104ms (cache revalidated)
npm http fetch GET 200 https://registry.npmjs.org/json-schema 105ms (cache revalidated)
npm http fetch GET 200 https://registry.npmjs.org/getpass 104ms (cache revalidated)
npm http fetch GET 200 https://registry.npmjs.org/tweetnacl 73ms (cache revalidated)
npm http fetch GET 200 https://registry.npmjs.org/ecc-jsbn 80ms (cache revalidated)
npm http fetch GET 200 https://registry.npmjs.org/jsbn 97ms (cache revalidated)
npm http fetch GET 200 https://registry.npmjs.org/bcrypt-pbkdf 94ms (cache revalidated)
npm http fetch GET 200 https://registry.npmjs.org/ini 3ms (cache hit)
npm http fetch GET 200 https://registry.npmjs.org/ansi-escapes 68ms (cache revalidated)
npm http fetch GET 200 https://registry.npmjs.org/aggregate-error 88ms (cache revalidated)
npm http fetch GET 200 https://registry.npmjs.org/tslib 90ms (cache revalidated)
npm http fetch GET 200 https://registry.npmjs.org/astral-regex 73ms (cache revalidated)
npm http fetch GET 200 https://registry.npmjs.org/type-fest 74ms (cache revalidated)
npm http fetch GET 200 https://registry.npmjs.org/concat-map 78ms (cache revalidated)
npm http fetch GET 200 https://registry.npmjs.org/balanced-match 695ms (cache revalidated)
npm http fetch GET 200 https://registry.npmjs.org/braces 74ms (cache revalidated)
npm http fetch GET 200 https://registry.npmjs.org/is-glob 98ms (cache revalidated)
npm http fetch GET 200 https://registry.npmjs.org/readdirp 103ms (cache revalidated)
npm http fetch GET 200 https://registry.npmjs.org/glob-parent 111ms (cache revalidated)
npm http fetch GET 200 https://registry.npmjs.org/is-binary-path 116ms (cache revalidated)
npm http fetch GET 200 https://registry.npmjs.org/fsevents 117ms (cache revalidated)
npm http fetch GET 200 https://registry.npmjs.org/anymatch 124ms (cache revalidated)
npm http fetch GET 200 https://registry.npmjs.org/locate-path 83ms (cache revalidated)
npm http fetch GET 200 https://registry.npmjs.org/path-exists 85ms (cache revalidated)
npm http fetch GET 200 https://registry.npmjs.org/argparse 78ms (cache revalidated)
npm http fetch GET 200 https://registry.npmjs.org/randombytes 84ms (cache revalidated)
npm http fetch GET 200 https://registry.npmjs.org/flat 82ms (cache revalidated)
npm http fetch GET 200 https://registry.npmjs.org/camelcase 89ms (cache revalidated)
npm http fetch GET 200 https://registry.npmjs.org/escalade 94ms (cache revalidated)
npm http fetch GET 200 https://registry.npmjs.org/is-plain-obj 65ms (cache revalidated)
npm http fetch GET 200 https://registry.npmjs.org/picomatch 73ms (cache revalidated)
npm http fetch GET 200 https://registry.npmjs.org/picomatch 82ms (cache revalidated)
npm http fetch GET 200 https://registry.npmjs.org/is-extglob 84ms (cache revalidated)
npm http fetch GET 200 https://registry.npmjs.org/fill-range 85ms (cache revalidated)
npm http fetch GET 200 https://registry.npmjs.org/binary-extensions 96ms (cache revalidated)
npm http fetch GET 200 https://registry.npmjs.org/to-regex-range 70ms (cache revalidated)
npm http fetch GET 200 https://registry.npmjs.org/is-number 72ms (cache revalidated)
npm http fetch GET 200 https://registry.npmjs.org/p-locate 76ms (cache revalidated)
npm http fetch GET 200 https://registry.npmjs.org/p-limit 131ms (cache revalidated)
npm http fetch GET 200 https://registry.npmjs.org/loose-envify 134ms (cache revalidated)
npm http fetch GET 200 https://registry.npmjs.org/react-is 305ms (cache updated)
npm http fetch GET 200 https://registry.npmjs.org/easy-stack 75ms (cache revalidated)
npm http fetch GET 200 https://registry.npmjs.org/yocto-queue 122ms (cache revalidated)
npm http fetch GET 200 https://registry.npmjs.org/indent-string 89ms (cache revalidated)
npm http fetch GET 200 https://registry.npmjs.org/clean-stack 106ms (cache revalidated)
npm http fetch GET 200 https://registry.npmjs.org/js-tokens 70ms (cache revalidated)
npm http fetch GET 200 https://registry.npmjs.org/duplexer 78ms (cache revalidated)
npm http fetch GET 200 https://registry.npmjs.org/from 81ms (cache revalidated)
npm http fetch GET 200 https://registry.npmjs.org/split 86ms (cache revalidated)
npm http fetch GET 200 https://registry.npmjs.org/map-stream 87ms (cache revalidated)
npm http fetch GET 200 https://registry.npmjs.org/stream-combiner 100ms (cache revalidated)
npm http fetch GET 200 https://registry.npmjs.org/pause-stream 726ms (cache revalidated)
npm http fetch GET 200 https://registry.npmjs.org/get-intrinsic 77ms (cache revalidated)
npm http fetch GET 200 https://registry.npmjs.org/call-bind 89ms (cache revalidated)
npm http fetch GET 200 https://registry.npmjs.org/es-errors 92ms (cache revalidated)
npm http fetch GET 200 https://registry.npmjs.org/object-inspect 93ms (cache revalidated)
npm http fetch GET 200 https://registry.npmjs.org/ajv 6ms (cache hit)
npm http fetch GET 200 https://registry.npmjs.org/har-schema 100ms (cache revalidated)
npm http fetch GET 200 https://registry.npmjs.org/uri-js 87ms (cache revalidated)
npm http fetch GET 200 https://registry.npmjs.org/json-schema-traverse 97ms (cache revalidated)
npm http fetch GET 200 https://registry.npmjs.org/fast-deep-equal 105ms (cache revalidated)
npm http fetch GET 200 https://registry.npmjs.org/fast-json-stable-stringify 134ms (cache revalidated)
npm http fetch GET 200 https://registry.npmjs.org/function-bind 89ms (cache revalidated)
npm http fetch GET 200 https://registry.npmjs.org/function-bind 92ms (cache revalidated)
npm http fetch GET 200 https://registry.npmjs.org/has-proto 95ms (cache revalidated)
npm http fetch GET 200 https://registry.npmjs.org/hasown 94ms (cache revalidated)
npm http fetch GET 200 https://registry.npmjs.org/set-function-length 96ms (cache revalidated)
npm http fetch GET 200 https://registry.npmjs.org/es-define-property 100ms (cache revalidated)
npm http fetch GET 200 https://registry.npmjs.org/has-symbols 98ms (cache revalidated)
npm http fetch GET 200 https://registry.npmjs.org/has-property-descriptors 75ms (cache revalidated)
npm http fetch GET 200 https://registry.npmjs.org/gopd 85ms (cache revalidated)
npm http fetch GET 200 https://registry.npmjs.org/define-data-property 88ms (cache revalidated)
npm http fetch GET 200 https://registry.npmjs.org/querystringify 101ms (cache revalidated)
npm http fetch GET 200 https://registry.npmjs.org/requires-port 116ms (cache revalidated)
npm http fetch GET 200 https://registry.npmjs.org/dot-prop 93ms (cache revalidated)
npm http fetch GET 200 https://registry.npmjs.org/package-json 102ms (cache revalidated)
npm http fetch GET 200 https://registry.npmjs.org/ansi-align 106ms (cache revalidated)
npm http fetch GET 200 https://registry.npmjs.org/widest-line 106ms (cache revalidated)
npm http fetch GET 200 https://registry.npmjs.org/unique-string 105ms (cache revalidated)
npm http fetch GET 200 https://registry.npmjs.org/cli-boxes 108ms (cache revalidated)
npm http fetch GET 200 https://registry.npmjs.org/write-file-atomic 106ms (cache updated)
npm http fetch GET 200 https://registry.npmjs.org/escape-goat 86ms (cache revalidated)
npm http fetch GET 200 https://registry.npmjs.org/eastasianwidth 106ms (cache revalidated)
npm http fetch GET 200 https://registry.npmjs.org/imurmurhash 76ms (cache revalidated)
npm http fetch GET 200 https://registry.npmjs.org/is-obj 84ms (cache revalidated)
npm http fetch GET 200 https://registry.npmjs.org/typedarray-to-buffer 84ms (cache revalidated)
npm http fetch GET 200 https://registry.npmjs.org/crypto-random-string 85ms (cache revalidated)
npm http fetch GET 200 https://registry.npmjs.org/registry-auth-token 68ms (cache revalidated)
npm http fetch GET 200 https://registry.npmjs.org/got 76ms (cache revalidated)
npm http fetch GET 200 https://registry.npmjs.org/registry-url 87ms (cache revalidated)
npm http fetch GET 200 https://registry.npmjs.org/lowercase-keys 75ms (cache revalidated)
npm http fetch GET 200 https://registry.npmjs.org/responselike 77ms (cache revalidated)
npm http fetch GET 200 https://registry.npmjs.org/cacheable-lookup 79ms (cache revalidated)
npm http fetch GET 200 https://registry.npmjs.org/http2-wrapper 85ms (cache revalidated)
npm http fetch GET 200 https://registry.npmjs.org/cacheable-request 90ms (cache revalidated)
npm http fetch GET 200 https://registry.npmjs.org/p-cancelable 137ms (cache revalidated)
npm http fetch GET 200 https://registry.npmjs.org/form-data-encoder 78ms (cache revalidated)
npm http fetch GET 200 https://registry.npmjs.org/decompress-response 84ms (cache revalidated)
npm http fetch GET 200 https://registry.npmjs.org/@sindresorhus%2fis 166ms (cache revalidated)
npm http fetch GET 200 https://registry.npmjs.org/@szmarczak%2fhttp-timer 106ms (cache revalidated)
npm http fetch GET 200 https://registry.npmjs.org/rc 163ms (cache revalidated)
npm http fetch GET 200 https://registry.npmjs.org/@pnpm%2fnpm-conf 206ms (cache revalidated)
npm http fetch GET 200 https://registry.npmjs.org/mimic-response 77ms (cache revalidated)
npm http fetch GET 200 https://registry.npmjs.org/mimic-response 81ms (cache revalidated)
npm http fetch GET 200 https://registry.npmjs.org/http-cache-semantics 83ms (cache revalidated)
npm http fetch GET 200 https://registry.npmjs.org/normalize-url 86ms (cache revalidated)
npm http fetch GET 200 https://registry.npmjs.org/keyv 93ms (cache revalidated)
npm http fetch GET 200 https://registry.npmjs.org/defer-to-connect 95ms (cache revalidated)
npm http fetch GET 200 https://registry.npmjs.org/@types%2fhttp-cache-semantics 100ms (cache revalidated)
npm http fetch GET 200 https://registry.npmjs.org/quick-lru 67ms (cache revalidated)
npm http fetch GET 200 https://registry.npmjs.org/resolve-alpn 74ms (cache revalidated)
npm http fetch GET 200 https://registry.npmjs.org/json-buffer 74ms (cache revalidated)
npm http fetch GET 200 https://registry.npmjs.org/config-chain 95ms (cache revalidated)
npm http fetch GET 200 https://registry.npmjs.org/@pnpm%2fconfig.env-replace 129ms (cache revalidated)
npm http fetch GET 200 https://registry.npmjs.org/@pnpm%2fnetwork.ca-file 836ms (cache revalidated)
npm http fetch GET 200 https://registry.npmjs.org/proto-list 93ms (cache revalidated)
npm http fetch GET 200 https://registry.npmjs.org/deep-extend 86ms (cache revalidated)
npm http fetch GET 200 https://registry.npmjs.org/pend 87ms (cache revalidated)
npm http fetch GET 200 https://registry.npmjs.org/crc32-stream 73ms (cache revalidated)
npm http fetch GET 200 https://registry.npmjs.org/crc-32 84ms (cache revalidated)
npm http fetch GET 200 https://registry.npmjs.org/buffer-alloc-unsafe 95ms (cache revalidated)
npm http fetch GET 200 https://registry.npmjs.org/buffer-fill 96ms (cache revalidated)
npm http fetch GET 200 https://registry.npmjs.org/p-try 76ms (cache revalidated)
npm warn deprecated inflight@1.0.6: This module is not supported, and leaks memory. Do not use it. Check out lru-cache if you want a good and tested way to coalesce async requests by a key value, which is much more comprehensive and powerful.
npm warn deprecated rimraf@2.5.4: Rimraf versions prior to v4 are no longer supported
npm warn deprecated har-validator@5.1.5: this library is no longer supported
npm warn deprecated glob@7.2.3: Glob versions prior to v9 are no longer supported
npm warn deprecated glob@8.1.0: Glob versions prior to v9 are no longer supported
npm http fetch POST 200 https://registry.npmjs.org/-/npm/v1/security/advisories/bulk 476ms
npm warn deprecated uuid@3.4.0: Please upgrade  to version 7 or higher.  Older versions may use Math.random() in certain circumstances, which is known to be problematic.  See https://v8.dev/blog/math-random for details.
npm warn deprecated request@2.88.2: request has been deprecated, see https://github.com/request/request/issues/3142
npm http fetch GET 200 https://registry.npmjs.org/request 166ms (cache revalidated)
npm http fetch GET 200 https://registry.npmjs.org/tough-cookie 171ms (cache revalidated)
npm http fetch GET 200 https://registry.npmjs.org/@types/node/-/node-22.0.2.tgz 670ms (cache miss)
npm http fetch GET 200 https://registry.npmjs.org/cypress/-/cypress-13.13.2.tgz 881ms (cache miss)
npm http fetch GET 200 https://registry.npmjs.org/browserstack-cypress-cli 309ms (cache revalidated)
npm info run fsevents@2.3.3 install node_modules/fsevents node-gyp rebuild
npm info run fsevents@2.3.3 install { code: 1, signal: null }
npm verbose reify failed optional dependency /Users/abnernunesnetto/EstudoJavaScript/posGraduacao/cadeiraWEB/tmpBstackPackages/node_modules/fsevents
npm info run cypress@13.13.2 postinstall node_modules/cypress node index.js --exec install
npm info run cypress@13.13.2 postinstall { code: 0, signal: null }

added 501 packages, and audited 502 packages in 21s

96 packages are looking for funding
  run `npm fund` for details

3 moderate severity vulnerabilities

To address all issues (including breaking changes), run:
  npm audit fix --force

Run `npm audit` for details.
npm verbose cwd /Users/abnernunesnetto/EstudoJavaScript/posGraduacao/cadeiraWEB/tmpBstackPackages
npm verbose os Darwin 23.5.0
npm verbose node v22.3.0
npm verbose npm  v10.8.1
npm verbose exit 0
npm info ok
